* installing *source* package ‘FourCePhase2.1ards’ ...
** using staged installation
** R
** data
*** moving datasets to lazyload DB
** byte-compile and prepare package for lazy loading
Warning: replacing previous import ‘vctrs::data_frame’ by ‘tibble::data_frame’ when loading ‘dplyr’
** help
*** installing help indices
** building package indices
** testing if installed package can be loaded from temporary location
Warning: replacing previous import ‘vctrs::data_frame’ by ‘tibble::data_frame’ when loading ‘dplyr’
** testing if installed package can be loaded from final location
Warning: replacing previous import ‘vctrs::data_frame’ by ‘tibble::data_frame’ when loading ‘dplyr’
** testing if installed package keeps a record of temporary installation path
* DONE (FourCePhase2.1ards)
[0;1;31mSystem has not been booted with systemd as init system (PID 1). Can't operate.[0m
[0;1;31mFailed to create bus connection: Host is down[0m
Warning in system("timedatectl", intern = TRUE) :
  running command 'timedatectl' had status 1
